Arguments: 
  /home/siarhei/.nvm/versions/node/v14.21.3/bin/node /usr/share/yarn/bin/yarn.js add donenv

PATH: 
  /home/siarhei/.nvm/versions/node/v14.21.3/bin:/usr/local/sbin:/usr/local/bin:/usr/sbin:/usr/bin:/sbin:/bin:/usr/games:/usr/local/games:/snap/bin:/snap/bin

Yarn version: 
  1.22.19

Node version: 
  14.21.3

Platform: 
  linux x64

Trace: 
  Error: https://registry.yarnpkg.com/donenv: Not found
      at Request.params.callback [as _callback] (/usr/share/yarn/lib/cli.js:66145:18)
      at Request.self.callback (/usr/share/yarn/lib/cli.js:140890:22)
      at Request.emit (events.js:400:28)
      at Request.<anonymous> (/usr/share/yarn/lib/cli.js:141862:10)
      at Request.emit (events.js:400:28)
      at IncomingMessage.<anonymous> (/usr/share/yarn/lib/cli.js:141784:12)
      at Object.onceWrapper (events.js:519:28)
      at IncomingMessage.emit (events.js:412:35)
      at endReadableNT (internal/streams/readable.js:1333:12)
      at processTicksAndRejections (internal/process/task_queues.js:82:21)

npm manifest: 
  {
    "name": "fin-kit-test",
    "version": "1.0.0",
    "description": "Fin-kit-test for Dmitrii Maslennikov",
    "type": "module",
    "main": "index.js",
    "scripts": {
      "test": "echo \"Error: no test specified\" && exit 1"
    },
    "repository": {
      "type": "git",
      "url": "git+https://github.com/Srr233/Fin-kit-test.git"
    },
    "author": "",
    "license": "ISC",
    "bugs": {
      "url": "https://github.com/Srr233/Fin-kit-test/issues"
    },
    "homepage": "https://github.com/Srr233/Fin-kit-test#readme"
  }

yarn manifest: 
  No manifest

Lockfile: 
  No lockfile
